<?xml version="1.0" encoding="UTF-8"?>
<!-- Generated by org.testng.reporters.JUnitReportReporter -->
<testsuite hostname="P2C-6CB6NK2" name="com.qa.Test.Testcases.ContactpageTest" tests="1" failures="0" timestamp="2 Dec 2019 08:48:00 GMT" time="19.354" errors="0">
  <testcase name="validateCreateNewConatctTest" time="19.354" classname="com.qa.Test.Testcases.ContactpageTest"/>
</testsuite> <!-- com.qa.Test.Testcases.ContactpageTest -->
