<?xml version="1.0" encoding="UTF-8"?>
<!-- Generated by org.testng.reporters.JUnitReportReporter -->
<testsuite hostname="P2C-6CB6NK2" name="com.qa.Test.Testcases.LoginPageTest" tests="1" failures="0" timestamp="29 Nov 2019 13:07:43 GMT" time="19.352" errors="0">
  <testcase name="PerformLoginTestCase" time="19.352" classname="com.qa.Test.Testcases.LoginPageTest"/>
</testsuite> <!-- com.qa.Test.Testcases.LoginPageTest -->
