<?xml version="1.0" encoding="UTF-8"?>
<!-- Generated by org.testng.reporters.JUnitReportReporter -->
<testsuite skipped="0" hostname="P2C-6CB6NK2" name="com.qa.Test.Testcases.ContactpageTest" tests="3" failures="0" timestamp="05 Dec 2019 10:38:31 GMT" time="80.175" errors="0">
  <testcase name="verifyConatcspageLable" time="28.145" classname="com.qa.Test.Testcases.ContactpageTest"/>
  <testcase name="ClickonNewButtonTest" time="20.767" classname="com.qa.Test.Testcases.ContactpageTest"/>
  <testcase name="validateCreateNewConatctTest" time="31.263" classname="com.qa.Test.Testcases.ContactpageTest"/>
</testsuite> <!-- com.qa.Test.Testcases.ContactpageTest -->
