<?xml version="1.0" encoding="UTF-8"?>
<!-- Generated by org.testng.reporters.JUnitReportReporter -->
<testsuite skipped="0" hostname="P2C-6CB6NK2" name="com.qa.Test.Testcases.LoginPageTest" tests="1" failures="0" timestamp="05 Dec 2019 10:38:31 GMT" time="23.867" errors="0">
  <testcase name="PerformLoginTestCase" time="23.867" classname="com.qa.Test.Testcases.LoginPageTest"/>
</testsuite> <!-- com.qa.Test.Testcases.LoginPageTest -->
